app/build/intermediates/manifest_merge_blame_file/debug/processDebugMainManifest/manifest-merger-blame-debug-report.txt
1<?xml version="1.0" encoding="utf-8"?>
2<manifest xmlns:android="http://schemas.android.com/apk/res/android"
3    package="com.example.hybridmind"
4    android:versionCode="1"
5    android:versionName="1.0" >
6
7    <uses-sdk
8        android:minSdkVersion="26"
9        android:targetSdkVersion="34" />
10
11    <uses-permission android:name="android.permission.INTERNET" />
11-->src\main\AndroidManifest.xml:5:5-67
11-->src\main\AndroidManifest.xml:5:22-64
12    <uses-permission android:name="android.permission.ACCESS_NETWORK_STATE" />
12-->src\main\AndroidManifest.xml:6:5-79
12-->src\main\AndroidManifest.xml:6:22-76
13    <uses-permission android:name="android.permission.WAKE_LOCK" />
13-->src\main\AndroidManifest.xml:7:5-68
13-->src\main\AndroidManifest.xml:7:22-65
14    <uses-permission android:name="com.google.android.providers.gsf.permission.READ_GSERVICES" />
14-->[com.google.android.recaptcha:recaptcha:18.4.0] AndroidManifest.xml:9:5-98
14-->[com.google.android.recaptcha:recaptcha:18.4.0] AndroidManifest.xml:9:22-95
15    <uses-permission android:name="android.permission.RECEIVE_BOOT_COMPLETED" />
15-->[androidx.work:work-runtime:2.9.0] AndroidManifest.xml:25:5-81
15-->[androidx.work:work-runtime:2.9.0] AndroidManifest.xml:25:22-78
16    <uses-permission android:name="android.permission.FOREGROUND_SERVICE" />
16-->[androidx.work:work-runtime:2.9.0] AndroidManifest.xml:26:5-77
16-->[androidx.work:work-runtime:2.9.0] AndroidManifest.xml:26:22-74
17
18    <permission
18-->[androidx.core:core:1.12.0] AndroidManifest.xml:22:5-24:47
19        android:name="com.example.hybridmind.DYNAMIC_RECEIVER_NOT_EXPORTED_PERMISSION"
19-->[androidx.core:core:1.12.0] AndroidManifest.xml:23:9-81
20        android:protectionLevel="signature" />
20-->[androidx.core:core:1.12.0] AndroidManifest.xml:24:9-44
21
22    <uses-permission android:name="com.example.hybridmind.DYNAMIC_RECEIVER_NOT_EXPORTED_PERMISSION" />
22-->[androidx.core:core:1.12.0] AndroidManifest.xml:26:5-97
22-->[androidx.core:core:1.12.0] AndroidManifest.xml:26:22-94
23
24    <application
24-->src\main\AndroidManifest.xml:9:5-29:19
25        android:allowBackup="true"
25-->src\main\AndroidManifest.xml:10:9-35
26        android:appComponentFactory="androidx.core.app.CoreComponentFactory"
26-->[androidx.core:core:1.12.0] AndroidManifest.xml:28:18-86
27        android:dataExtractionRules="@xml/data_extraction_rules"
27-->src\main\AndroidManifest.xml:11:9-65
28        android:debuggable="true"
29        android:extractNativeLibs="false"
30        android:fullBackupContent="@xml/backup_rules"
30-->src\main\AndroidManifest.xml:12:9-54
31        android:icon="@mipmap/ic_launcher"
31-->src\main\AndroidManifest.xml:13:9-43
32        android:label="@string/app_name"
32-->src\main\AndroidManifest.xml:14:9-41
33        android:supportsRtl="true"
33-->src\main\AndroidManifest.xml:15:9-35
34        android:testOnly="true"
35        android:theme="@style/Theme.HybridMind" >
35-->src\main\AndroidManifest.xml:16:9-48
36        <activity
36-->src\main\AndroidManifest.xml:18:9-28:20
37            android:name="com.example.hybridmind.MainActivity"
37-->src\main\AndroidManifest.xml:19:13-41
38            android:exported="true"
38-->src\main\AndroidManifest.xml:20:13-36
39            android:label="@string/app_name"
39-->src\main\AndroidManifest.xml:21:13-45
40            android:theme="@style/Theme.HybridMind" >
40-->src\main\AndroidManifest.xml:22:13-52
41            <intent-filter>
41-->src\main\AndroidManifest.xml:23:13-27:29
42                <action android:name="android.intent.action.MAIN" />
42-->src\main\AndroidManifest.xml:24:17-69
42-->src\main\AndroidManifest.xml:24:25-66
43
44                <category android:name="android.intent.category.LAUNCHER" />
44-->src\main\AndroidManifest.xml:26:17-77
44-->src\main\AndroidManifest.xml:26:27-74
45            </intent-filter>
46        </activity>
47        <activity
47-->[com.google.android.gms:play-services-auth:20.7.0] AndroidManifest.xml:23:9-27:75
48            android:name="com.google.android.gms.auth.api.signin.internal.SignInHubActivity"
48-->[com.google.android.gms:play-services-auth:20.7.0] AndroidManifest.xml:24:13-93
49            android:excludeFromRecents="true"
49-->[com.google.android.gms:play-services-auth:20.7.0] AndroidManifest.xml:25:13-46
50            android:exported="false"
50-->[com.google.android.gms:play-services-auth:20.7.0] AndroidManifest.xml:26:13-37
51            android:theme="@android:style/Theme.Translucent.NoTitleBar" />
51-->[com.google.android.gms:play-services-auth:20.7.0] AndroidManifest.xml:27:13-72
52        <!--
53            Service handling Google Sign-In user revocation. For apps that do not integrate with
54            Google Sign-In, this service will never be started.
55        -->
56        <service
56-->[com.google.android.gms:play-services-auth:20.7.0] AndroidManifest.xml:33:9-37:51
57            android:name="com.google.android.gms.auth.api.signin.RevocationBoundService"
57-->[com.google.android.gms:play-services-auth:20.7.0] AndroidManifest.xml:34:13-89
58            android:exported="true"
58-->[com.google.android.gms:play-services-auth:20.7.0] AndroidManifest.xml:35:13-36
59            android:permission="com.google.android.gms.auth.api.signin.permission.REVOCATION_NOTIFICATION"
59-->[com.google.android.gms:play-services-auth:20.7.0] AndroidManifest.xml:36:13-107
60            android:visibleToInstantApps="true" />
60-->[com.google.android.gms:play-services-auth:20.7.0] AndroidManifest.xml:37:13-48
61
62        <activity
62-->[com.google.firebase:firebase-auth:22.3.1] AndroidManifest.xml:29:9-46:20
63            android:name="com.google.firebase.auth.internal.GenericIdpActivity"
63-->[com.google.firebase:firebase-auth:22.3.1] AndroidManifest.xml:30:13-80
64            android:excludeFromRecents="true"
64-->[com.google.firebase:firebase-auth:22.3.1] AndroidManifest.xml:31:13-46
65            android:exported="true"
65-->[com.google.firebase:firebase-auth:22.3.1] AndroidManifest.xml:32:13-36
66            android:launchMode="singleTask"
66-->[com.google.firebase:firebase-auth:22.3.1] AndroidManifest.xml:33:13-44
67            android:theme="@android:style/Theme.Translucent.NoTitleBar" >
67-->[com.google.firebase:firebase-auth:22.3.1] AndroidManifest.xml:34:13-72
68            <intent-filter>
68-->[com.google.firebase:firebase-auth:22.3.1] AndroidManifest.xml:35:13-45:29
69                <action android:name="android.intent.action.VIEW" />
69-->[com.google.firebase:firebase-auth:22.3.1] AndroidManifest.xml:36:17-69
69-->[com.google.firebase:firebase-auth:22.3.1] AndroidManifest.xml:36:25-66
70
71                <category android:name="android.intent.category.DEFAULT" />
71-->[com.google.firebase:firebase-auth:22.3.1] AndroidManifest.xml:38:17-76
71-->[com.google.firebase:firebase-auth:22.3.1] AndroidManifest.xml:38:27-73
72                <category android:name="android.intent.category.BROWSABLE" />
72-->[com.google.firebase:firebase-auth:22.3.1] AndroidManifest.xml:39:17-78
72-->[com.google.firebase:firebase-auth:22.3.1] AndroidManifest.xml:39:27-75
73
74                <data
74-->[com.google.firebase:firebase-auth:22.3.1] AndroidManifest.xml:41:17-44:51
75                    android:host="firebase.auth"
75-->[com.google.firebase:firebase-auth:22.3.1] AndroidManifest.xml:42:21-49
76                    android:path="/"
76-->[com.google.firebase:firebase-auth:22.3.1] AndroidManifest.xml:43:21-37
77                    android:scheme="genericidp" />
77-->[com.google.firebase:firebase-auth:22.3.1] AndroidManifest.xml:44:21-48
78            </intent-filter>
79        </activity>
80        <activity
80-->[com.google.firebase:firebase-auth:22.3.1] AndroidManifest.xml:47:9-64:20
81            android:name="com.google.firebase.auth.internal.RecaptchaActivity"
81-->[com.google.firebase:firebase-auth:22.3.1] AndroidManifest.xml:48:13-79
82            android:excludeFromRecents="true"
82-->[com.google.firebase:firebase-auth:22.3.1] AndroidManifest.xml:49:13-46
83            android:exported="true"
83-->[com.google.firebase:firebase-auth:22.3.1] AndroidManifest.xml:50:13-36
84            android:launchMode="singleTask"
84-->[com.google.firebase:firebase-auth:22.3.1] AndroidManifest.xml:51:13-44
85            android:theme="@android:style/Theme.Translucent.NoTitleBar" >
85-->[com.google.firebase:firebase-auth:22.3.1] AndroidManifest.xml:52:13-72
86            <intent-filter>
86-->[com.google.firebase:firebase-auth:22.3.1] AndroidManifest.xml:53:13-63:29
87                <action android:name="android.intent.action.VIEW" />
87-->[com.google.firebase:firebase-auth:22.3.1] AndroidManifest.xml:36:17-69
87-->[com.google.firebase:firebase-auth:22.3.1] AndroidManifest.xml:36:25-66
88
89                <category android:name="android.intent.category.DEFAULT" />
89-->[com.google.firebase:firebase-auth:22.3.1] AndroidManifest.xml:38:17-76
89-->[com.google.firebase:firebase-auth:22.3.1] AndroidManifest.xml:38:27-73
90                <category android:name="android.intent.category.BROWSABLE" />
90-->[com.google.firebase:firebase-auth:22.3.1] AndroidManifest.xml:39:17-78
90-->[com.google.firebase:firebase-auth:22.3.1] AndroidManifest.xml:39:27-75
91
92                <data
92-->[com.google.firebase:firebase-auth:22.3.1] AndroidManifest.xml:41:17-44:51
93                    android:host="firebase.auth"
93-->[com.google.firebase:firebase-auth:22.3.1] AndroidManifest.xml:42:21-49
94                    android:path="/"
94-->[com.google.firebase:firebase-auth:22.3.1] AndroidManifest.xml:43:21-37
95                    android:scheme="recaptcha" />
95-->[com.google.firebase:firebase-auth:22.3.1] AndroidManifest.xml:44:21-48
96            </intent-filter>
97        </activity>
98
99        <service
99-->[com.google.firebase:firebase-auth:22.3.1] AndroidManifest.xml:66:9-72:19
100            android:name="com.google.firebase.components.ComponentDiscoveryService"
100-->[com.google.firebase:firebase-auth:22.3.1] AndroidManifest.xml:67:13-84
101            android:directBootAware="true"
101-->[com.google.firebase:firebase-common:20.4.2] AndroidManifest.xml:32:13-43
102            android:exported="false" >
102-->[com.google.firebase:firebase-auth:22.3.1] AndroidManifest.xml:68:13-37
103            <meta-data
103-->[com.google.firebase:firebase-auth:22.3.1] AndroidManifest.xml:69:13-71:85
104                android:name="com.google.firebase.components:com.google.firebase.auth.FirebaseAuthRegistrar"
104-->[com.google.firebase:firebase-auth:22.3.1] AndroidManifest.xml:70:17-109
105                android:value="com.google.firebase.components.ComponentRegistrar" />
105-->[com.google.firebase:firebase-auth:22.3.1] AndroidManifest.xml:71:17-82
106            <meta-data
106-->[com.google.firebase:firebase-firestore:24.10.2] AndroidManifest.xml:17:13-19:85
107                android:name="com.google.firebase.components:com.google.firebase.firestore.FirebaseFirestoreKtxRegistrar"
107-->[com.google.firebase:firebase-firestore:24.10.2] AndroidManifest.xml:18:17-122
108                android:value="com.google.firebase.components.ComponentRegistrar" />
108-->[com.google.firebase:firebase-firestore:24.10.2] AndroidManifest.xml:19:17-82
109            <meta-data
109-->[com.google.firebase:firebase-firestore:24.10.2] AndroidManifest.xml:20:13-22:85
110                android:name="com.google.firebase.components:com.google.firebase.firestore.FirestoreRegistrar"
110-->[com.google.firebase:firebase-firestore:24.10.2] AndroidManifest.xml:21:17-111
111                android:value="com.google.firebase.components.ComponentRegistrar" />
111-->[com.google.firebase:firebase-firestore:24.10.2] AndroidManifest.xml:22:17-82
112            <meta-data
112-->[com.google.firebase:firebase-common-ktx:20.4.2] AndroidManifest.xml:12:13-14:85
113                android:name="com.google.firebase.components:com.google.firebase.ktx.FirebaseCommonLegacyRegistrar"
113-->[com.google.firebase:firebase-common-ktx:20.4.2] AndroidManifest.xml:13:17-116
114                android:value="com.google.firebase.components.ComponentRegistrar" />
114-->[com.google.firebase:firebase-common-ktx:20.4.2] AndroidManifest.xml:14:17-82
115            <meta-data
115-->[com.google.firebase:firebase-common:20.4.2] AndroidManifest.xml:35:13-37:85
116                android:name="com.google.firebase.components:com.google.firebase.FirebaseCommonKtxRegistrar"
116-->[com.google.firebase:firebase-common:20.4.2] AndroidManifest.xml:36:17-109
117                android:value="com.google.firebase.components.ComponentRegistrar" />
117-->[com.google.firebase:firebase-common:20.4.2] AndroidManifest.xml:37:17-82
118        </service>
119
120        <activity
120-->[com.google.android.gms:play-services-base:18.0.1] AndroidManifest.xml:20:9-22:45
121            android:name="com.google.android.gms.common.api.GoogleApiActivity"
121-->[com.google.android.gms:play-services-base:18.0.1] AndroidManifest.xml:20:19-85
122            android:exported="false"
122-->[com.google.android.gms:play-services-base:18.0.1] AndroidManifest.xml:22:19-43
123            android:theme="@android:style/Theme.Translucent.NoTitleBar" />
123-->[com.google.android.gms:play-services-base:18.0.1] AndroidManifest.xml:21:19-78
124
125        <provider
125-->[com.google.firebase:firebase-common:20.4.2] AndroidManifest.xml:23:9-28:39
126            android:name="com.google.firebase.provider.FirebaseInitProvider"
126-->[com.google.firebase:firebase-common:20.4.2] AndroidManifest.xml:24:13-77
127            android:authorities="com.example.hybridmind.firebaseinitprovider"
127-->[com.google.firebase:firebase-common:20.4.2] AndroidManifest.xml:25:13-72
128            android:directBootAware="true"
128-->[com.google.firebase:firebase-common:20.4.2] AndroidManifest.xml:26:13-43
129            android:exported="false"
129-->[com.google.firebase:firebase-common:20.4.2] AndroidManifest.xml:27:13-37
130            android:initOrder="100" />
130-->[com.google.firebase:firebase-common:20.4.2] AndroidManifest.xml:28:13-36
131
132        <activity
132-->[androidx.compose.ui:ui-tooling-android:1.6.1] AndroidManifest.xml:23:9-25:39
133            android:name="androidx.compose.ui.tooling.PreviewActivity"
133-->[androidx.compose.ui:ui-tooling-android:1.6.1] AndroidManifest.xml:24:13-71
134            android:exported="true" />
134-->[androidx.compose.ui:ui-tooling-android:1.6.1] AndroidManifest.xml:25:13-36
135        <activity
135-->[androidx.compose.ui:ui-test-manifest:1.6.1] AndroidManifest.xml:23:9-25:39
136            android:name="androidx.activity.ComponentActivity"
136-->[androidx.compose.ui:ui-test-manifest:1.6.1] AndroidManifest.xml:24:13-63
137            android:exported="true" />
137-->[androidx.compose.ui:ui-test-manifest:1.6.1] AndroidManifest.xml:25:13-36
138
139        <provider
139-->[androidx.work:work-runtime:2.9.0] AndroidManifest.xml:29:9-37:20
140            android:name="androidx.startup.InitializationProvider"
140-->[androidx.work:work-runtime:2.9.0] AndroidManifest.xml:30:13-67
141            android:authorities="com.example.hybridmind.androidx-startup"
141-->[androidx.work:work-runtime:2.9.0] AndroidManifest.xml:31:13-68
142            android:exported="false" >
142-->[androidx.work:work-runtime:2.9.0] AndroidManifest.xml:32:13-37
143            <meta-data
143-->[androidx.work:work-runtime:2.9.0] AndroidManifest.xml:34:13-36:52
144                android:name="androidx.work.WorkManagerInitializer"
144-->[androidx.work:work-runtime:2.9.0] AndroidManifest.xml:35:17-68
145                android:value="androidx.startup" />
145-->[androidx.work:work-runtime:2.9.0] AndroidManifest.xml:36:17-49
146            <meta-data
146-->[androidx.emoji2:emoji2:1.3.0] AndroidManifest.xml:29:13-31:52
147                android:name="androidx.emoji2.text.EmojiCompatInitializer"
147-->[androidx.emoji2:emoji2:1.3.0] AndroidManifest.xml:30:17-75
148                android:value="androidx.startup" />
148-->[androidx.emoji2:emoji2:1.3.0] AndroidManifest.xml:31:17-49
149            <meta-data
149-->[androidx.lifecycle:lifecycle-process:2.7.0] AndroidManifest.xml:29:13-31:52
150                android:name="androidx.lifecycle.ProcessLifecycleInitializer"
150-->[androidx.lifecycle:lifecycle-process:2.7.0] AndroidManifest.xml:30:17-78
151                android:value="androidx.startup" />
151-->[androidx.lifecycle:lifecycle-process:2.7.0] AndroidManifest.xml:31:17-49
152            <meta-data
152-->[androidx.profileinstaller:profileinstaller:1.3.1] AndroidManifest.xml:29:13-31:52
153                android:name="androidx.profileinstaller.ProfileInstallerInitializer"
153-->[androidx.profileinstaller:profileinstaller:1.3.1] AndroidManifest.xml:30:17-85
154                android:value="androidx.startup" />
154-->[androidx.profileinstaller:profileinstaller:1.3.1] AndroidManifest.xml:31:17-49
155        </provider>
156
157        <service
157-->[androidx.work:work-runtime:2.9.0] AndroidManifest.xml:39:9-45:35
158            android:name="androidx.work.impl.background.systemalarm.SystemAlarmService"
158-->[androidx.work:work-runtime:2.9.0] AndroidManifest.xml:40:13-88
159            android:directBootAware="false"
159-->[androidx.work:work-runtime:2.9.0] AndroidManifest.xml:41:13-44
160            android:enabled="@bool/enable_system_alarm_service_default"
160-->[androidx.work:work-runtime:2.9.0] AndroidManifest.xml:42:13-72
161            android:exported="false" />
161-->[androidx.work:work-runtime:2.9.0] AndroidManifest.xml:43:13-37
162        <service
162-->[androidx.work:work-runtime:2.9.0] AndroidManifest.xml:46:9-52:35
163            android:name="androidx.work.impl.background.systemjob.SystemJobService"
163-->[androidx.work:work-runtime:2.9.0] AndroidManifest.xml:47:13-84
164            android:directBootAware="false"
164-->[androidx.work:work-runtime:2.9.0] AndroidManifest.xml:48:13-44
165            android:enabled="@bool/enable_system_job_service_default"
165-->[androidx.work:work-runtime:2.9.0] AndroidManifest.xml:49:13-70
166            android:exported="true"
166-->[androidx.work:work-runtime:2.9.0] AndroidManifest.xml:50:13-36
167            android:permission="android.permission.BIND_JOB_SERVICE" />
167-->[androidx.work:work-runtime:2.9.0] AndroidManifest.xml:51:13-69
168        <service
168-->[androidx.work:work-runtime:2.9.0] AndroidManifest.xml:53:9-59:35
169            android:name="androidx.work.impl.foreground.SystemForegroundService"
169-->[androidx.work:work-runtime:2.9.0] AndroidManifest.xml:54:13-81
170            android:directBootAware="false"
170-->[androidx.work:work-runtime:2.9.0] AndroidManifest.xml:55:13-44
171            android:enabled="@bool/enable_system_foreground_service_default"
171-->[androidx.work:work-runtime:2.9.0] AndroidManifest.xml:56:13-77
172            android:exported="false" />
172-->[androidx.work:work-runtime:2.9.0] AndroidManifest.xml:57:13-37
173
174        <receiver
174-->[androidx.work:work-runtime:2.9.0] AndroidManifest.xml:61:9-66:35
175            android:name="androidx.work.impl.utils.ForceStopRunnable$BroadcastReceiver"
175-->[androidx.work:work-runtime:2.9.0] AndroidManifest.xml:62:13-88
176            android:directBootAware="false"
176-->[androidx.work:work-runtime:2.9.0] AndroidManifest.xml:63:13-44
177            android:enabled="true"
177-->[androidx.work:work-runtime:2.9.0] AndroidManifest.xml:64:13-35
178            android:exported="false" />
178-->[androidx.work:work-runtime:2.9.0] AndroidManifest.xml:65:13-37
179        <receiver
179-->[androidx.work:work-runtime:2.9.0] AndroidManifest.xml:67:9-77:20
180            android:name="androidx.work.impl.background.systemalarm.ConstraintProxy$BatteryChargingProxy"
180-->[androidx.work:work-runtime:2.9.0] AndroidManifest.xml:68:13-106
181            android:directBootAware="false"
181-->[androidx.work:work-runtime:2.9.0] AndroidManifest.xml:69:13-44
182            android:enabled="false"
182-->[androidx.work:work-runtime:2.9.0] AndroidManifest.xml:70:13-36
183            android:exported="false" >
183-->[androidx.work:work-runtime:2.9.0] AndroidManifest.xml:71:13-37
184            <intent-filter>
184-->[androidx.work:work-runtime:2.9.0] AndroidManifest.xml:73:13-76:29
185                <action android:name="android.intent.action.ACTION_POWER_CONNECTED" />
185-->[androidx.work:work-runtime:2.9.0] AndroidManifest.xml:74:17-87
185-->[androidx.work:work-runtime:2.9.0] AndroidManifest.xml:74:25-84
186                <action android:name="android.intent.action.ACTION_POWER_DISCONNECTED" />
186-->[androidx.work:work-runtime:2.9.0] AndroidManifest.xml:75:17-90
186-->[androidx.work:work-runtime:2.9.0] AndroidManifest.xml:75:25-87
187            </intent-filter>
188        </receiver>
189        <receiver
189-->[androidx.work:work-runtime:2.9.0] AndroidManifest.xml:78:9-88:20
190            android:name="androidx.work.impl.background.systemalarm.ConstraintProxy$BatteryNotLowProxy"
190-->[androidx.work:work-runtime:2.9.0] AndroidManifest.xml:79:13-104
191            android:directBootAware="false"
191-->[androidx.work:work-runtime:2.9.0] AndroidManifest.xml:80:13-44
192            android:enabled="false"
192-->[androidx.work:work-runtime:2.9.0] AndroidManifest.xml:81:13-36
193            android:exported="false" >
193-->[androidx.work:work-runtime:2.9.0] AndroidManifest.xml:82:13-37
194            <intent-filter>
194-->[androidx.work:work-runtime:2.9.0] AndroidManifest.xml:84:13-87:29
195                <action android:name="android.intent.action.BATTERY_OKAY" />
195-->[androidx.work:work-runtime:2.9.0] AndroidManifest.xml:85:17-77
195-->[androidx.work:work-runtime:2.9.0] AndroidManifest.xml:85:25-74
196                <action android:name="android.intent.action.BATTERY_LOW" />
196-->[androidx.work:work-runtime:2.9.0] AndroidManifest.xml:86:17-76
196-->[androidx.work:work-runtime:2.9.0] AndroidManifest.xml:86:25-73
197            </intent-filter>
198        </receiver>
199        <receiver
199-->[androidx.work:work-runtime:2.9.0] AndroidManifest.xml:89:9-99:20
200            android:name="androidx.work.impl.background.systemalarm.ConstraintProxy$StorageNotLowProxy"
200-->[androidx.work:work-runtime:2.9.0] AndroidManifest.xml:90:13-104
201            android:directBootAware="false"
201-->[androidx.work:work-runtime:2.9.0] AndroidManifest.xml:91:13-44
202            android:enabled="false"
202-->[androidx.work:work-runtime:2.9.0] AndroidManifest.xml:92:13-36
203            android:exported="false" >
203-->[androidx.work:work-runtime:2.9.0] AndroidManifest.xml:93:13-37
204            <intent-filter>
204-->[androidx.work:work-runtime:2.9.0] AndroidManifest.xml:95:13-98:29
205                <action android:name="android.intent.action.DEVICE_STORAGE_LOW" />
205-->[androidx.work:work-runtime:2.9.0] AndroidManifest.xml:96:17-83
205-->[androidx.work:work-runtime:2.9.0] AndroidManifest.xml:96:25-80
206                <action android:name="android.intent.action.DEVICE_STORAGE_OK" />
206-->[androidx.work:work-runtime:2.9.0] AndroidManifest.xml:97:17-82
206-->[androidx.work:work-runtime:2.9.0] AndroidManifest.xml:97:25-79
207            </intent-filter>
208        </receiver>
209        <receiver
209-->[androidx.work:work-runtime:2.9.0] AndroidManifest.xml:100:9-109:20
210            android:name="androidx.work.impl.background.systemalarm.ConstraintProxy$NetworkStateProxy"
210-->[androidx.work:work-runtime:2.9.0] AndroidManifest.xml:101:13-103
211            android:directBootAware="false"
211-->[androidx.work:work-runtime:2.9.0] AndroidManifest.xml:102:13-44
212            android:enabled="false"
212-->[androidx.work:work-runtime:2.9.0] AndroidManifest.xml:103:13-36
213            android:exported="false" >
213-->[androidx.work:work-runtime:2.9.0] AndroidManifest.xml:104:13-37
214            <intent-filter>
214-->[androidx.work:work-runtime:2.9.0] AndroidManifest.xml:106:13-108:29
215                <action android:name="android.net.conn.CONNECTIVITY_CHANGE" />
215-->[androidx.work:work-runtime:2.9.0] AndroidManifest.xml:107:17-79
215-->[androidx.work:work-runtime:2.9.0] AndroidManifest.xml:107:25-76
216            </intent-filter>
217        </receiver>
218        <receiver
218-->[androidx.work:work-runtime:2.9.0] AndroidManifest.xml:110:9-121:20
219            android:name="androidx.work.impl.background.systemalarm.RescheduleReceiver"
219-->[androidx.work:work-runtime:2.9.0] AndroidManifest.xml:111:13-88
220            android:directBootAware="false"
220-->[androidx.work:work-runtime:2.9.0] AndroidManifest.xml:112:13-44
221            android:enabled="false"
221-->[androidx.work:work-runtime:2.9.0] AndroidManifest.xml:113:13-36
222            android:exported="false" >
222-->[androidx.work:work-runtime:2.9.0] AndroidManifest.xml:114:13-37
223            <intent-filter>
223-->[androidx.work:work-runtime:2.9.0] AndroidManifest.xml:116:13-120:29
224                <action android:name="android.intent.action.BOOT_COMPLETED" />
224-->[androidx.work:work-runtime:2.9.0] AndroidManifest.xml:117:17-79
224-->[androidx.work:work-runtime:2.9.0] AndroidManifest.xml:117:25-76
225                <action android:name="android.intent.action.TIME_SET" />
225-->[androidx.work:work-runtime:2.9.0] AndroidManifest.xml:118:17-73
225-->[androidx.work:work-runtime:2.9.0] AndroidManifest.xml:118:25-70
226                <action android:name="android.intent.action.TIMEZONE_CHANGED" />
226-->[androidx.work:work-runtime:2.9.0] AndroidManifest.xml:119:17-81
226-->[androidx.work:work-runtime:2.9.0] AndroidManifest.xml:119:25-78
227            </intent-filter>
228        </receiver>
229        <receiver
229-->[androidx.work:work-runtime:2.9.0] AndroidManifest.xml:122:9-131:20
230            android:name="androidx.work.impl.background.systemalarm.ConstraintProxyUpdateReceiver"
230-->[androidx.work:work-runtime:2.9.0] AndroidManifest.xml:123:13-99
231            android:directBootAware="false"
231-->[androidx.work:work-runtime:2.9.0] AndroidManifest.xml:124:13-44
232            android:enabled="@bool/enable_system_alarm_service_default"
232-->[androidx.work:work-runtime:2.9.0] AndroidManifest.xml:125:13-72
233            android:exported="false" >
233-->[androidx.work:work-runtime:2.9.0] AndroidManifest.xml:126:13-37
234            <intent-filter>
234-->[androidx.work:work-runtime:2.9.0] AndroidManifest.xml:128:13-130:29
235                <action android:name="androidx.work.impl.background.systemalarm.UpdateProxies" />
235-->[androidx.work:work-runtime:2.9.0] AndroidManifest.xml:129:17-98
235-->[androidx.work:work-runtime:2.9.0] AndroidManifest.xml:129:25-95
236            </intent-filter>
237        </receiver>
238        <receiver
238-->[androidx.work:work-runtime:2.9.0] AndroidManifest.xml:132:9-142:20
239            android:name="androidx.work.impl.diagnostics.DiagnosticsReceiver"
239-->[androidx.work:work-runtime:2.9.0] AndroidManifest.xml:133:13-78
240            android:directBootAware="false"
240-->[androidx.work:work-runtime:2.9.0] AndroidManifest.xml:134:13-44
241            android:enabled="true"
241-->[androidx.work:work-runtime:2.9.0] AndroidManifest.xml:135:13-35
242            android:exported="true"
242-->[androidx.work:work-runtime:2.9.0] AndroidManifest.xml:136:13-36
243            android:permission="android.permission.DUMP" >
243-->[androidx.work:work-runtime:2.9.0] AndroidManifest.xml:137:13-57
244            <intent-filter>
244-->[androidx.work:work-runtime:2.9.0] AndroidManifest.xml:139:13-141:29
245                <action android:name="androidx.work.diagnostics.REQUEST_DIAGNOSTICS" />
245-->[androidx.work:work-runtime:2.9.0] AndroidManifest.xml:140:17-88
245-->[androidx.work:work-runtime:2.9.0] AndroidManifest.xml:140:25-85
246            </intent-filter>
247        </receiver>
248
249        <service
249-->[androidx.room:room-runtime:2.6.1] AndroidManifest.xml:24:9-28:63
250            android:name="androidx.room.MultiInstanceInvalidationService"
250-->[androidx.room:room-runtime:2.6.1] AndroidManifest.xml:25:13-74
251            android:directBootAware="true"
251-->[androidx.room:room-runtime:2.6.1] AndroidManifest.xml:26:13-43
252            android:exported="false" />
252-->[androidx.room:room-runtime:2.6.1] AndroidManifest.xml:27:13-37
253
254        <receiver
254-->[androidx.profileinstaller:profileinstaller:1.3.1] AndroidManifest.xml:34:9-52:20
255            android:name="androidx.profileinstaller.ProfileInstallReceiver"
255-->[androidx.profileinstaller:profileinstaller:1.3.1] AndroidManifest.xml:35:13-76
256            android:directBootAware="false"
256-->[androidx.profileinstaller:profileinstaller:1.3.1] AndroidManifest.xml:36:13-44
257            android:enabled="true"
257-->[androidx.profileinstaller:profileinstaller:1.3.1] AndroidManifest.xml:37:13-35
258            android:exported="true"
258-->[androidx.profileinstaller:profileinstaller:1.3.1] AndroidManifest.xml:38:13-36
259            android:permission="android.permission.DUMP" >
259-->[androidx.profileinstaller:profileinstaller:1.3.1] AndroidManifest.xml:39:13-57
260            <intent-filter>
260-->[androidx.profileinstaller:profileinstaller:1.3.1] AndroidManifest.xml:40:13-42:29
261                <action android:name="androidx.profileinstaller.action.INSTALL_PROFILE" />
261-->[androidx.profileinstaller:profileinstaller:1.3.1] AndroidManifest.xml:41:17-91
261-->[androidx.profileinstaller:profileinstaller:1.3.1] AndroidManifest.xml:41:25-88
262            </intent-filter>
263            <intent-filter>
263-->[androidx.profileinstaller:profileinstaller:1.3.1] AndroidManifest.xml:43:13-45:29
264                <action android:name="androidx.profileinstaller.action.SKIP_FILE" />
264-->[androidx.profileinstaller:profileinstaller:1.3.1] AndroidManifest.xml:44:17-85
264-->[androidx.profileinstaller:profileinstaller:1.3.1] AndroidManifest.xml:44:25-82
265            </intent-filter>
266            <intent-filter>
266-->[androidx.profileinstaller:profileinstaller:1.3.1] AndroidManifest.xml:46:13-48:29